<?xml version="1.0" encoding="UTF-8"?>
<testsuite name="memory.MemoryFinderTest" tests="1" skipped="0" failures="0" errors="0" timestamp="2023-05-23T07:46:44" hostname="DESKTOP-DC7DP0G" time="0.264">
  <properties/>
  <testcase name="get()" classname="memory.MemoryFinderTest" time="0.264"/>
  <system-out><![CDATA[]]></system-out>
  <system-err><![CDATA[]]></system-err>
</testsuite>
