<?xml version="1.0" encoding="UTF-8"?>
<testsuite name="memory.MemoryFinderTest" tests="1" skipped="0" failures="0" errors="0" timestamp="2023-05-23T11:44:15" hostname="DESKTOP-DC7DP0G" time="0.409">
  <properties/>
  <testcase name="get()" classname="memory.MemoryFinderTest" time="0.409"/>
  <system-out><![CDATA[]]></system-out>
  <system-err><![CDATA[]]></system-err>
</testsuite>
